{
  "RSpec": {
    "coverage": {
      "/home/marlon/Área de Trabalho/novoemprego_rails/app/models/applicant.rb": {
        "lines": [
          1,
          null,
          null,
          1,
          null,
          1,
          1,
          null,
          null,
          null
        ]
      },
      "/home/marlon/Área de Trabalho/novoemprego_rails/app/models/application_record.rb": {
        "lines": [
          1,
          1,
          null
        ]
      },
      "/home/marlon/Área de Trabalho/novoemprego_rails/app/helpers/application_helper.rb": {
        "lines": [
          1,
          1,
          11,
          4,
          0,
          0,
          7,
          null,
          null,
          null
        ]
      },
      "/home/marlon/Área de Trabalho/novoemprego_rails/app/models/profile.rb": {
        "lines": [
          1,
          1,
          null
        ]
      },
      "/home/marlon/Área de Trabalho/novoemprego_rails/app/controllers/application_controller.rb": {
        "lines": [
          1,
          null
        ]
      },
      "/home/marlon/Área de Trabalho/novoemprego_rails/app/controllers/home_controller.rb": {
        "lines": [
          1,
          1,
          null,
          null
        ]
      },
      "/home/marlon/Área de Trabalho/novoemprego_rails/app/controllers/applicants/registrations_controller.rb": {
        "lines": [
          null,
          null,
          1,
          1,
          null,
          null,
          1,
          null,
          null,
          3,
          3,
          3,
          null,
          null,
          1,
          null,
          1,
          6,
          3,
          null,
          null,
          null,
          null
        ]
      }
    },
    "timestamp": 1590009996
  }
}
